<?xml version="1.0" encoding="UTF-8"?>
<coverage generated="1539126606572" clover="3.2.0">
  <project timestamp="1539126606572" name="All files">
    <metrics statements="11" coveredstatements="11" conditionals="0" coveredconditionals="0" methods="9" coveredmethods="9" elements="20" coveredelements="20" complexity="0" loc="11" ncloc="11" packages="1" files="4" classes="4">
      <file name="arrays.js" path="/Users/juanluisrojasleon/Desktop/test-with-jest/arrays.js">
        <metrics statements="2" coveredstatements="2" conditionals="0" coveredconditionals="0" methods="0" coveredmethods="0"/>
        <line num="1" count="1" type="stmt"/>
        <line num="3" count="1" type="stmt"/>
      </file>
      <file name="maths.js" path="/Users/juanluisrojasleon/Desktop/test-with-jest/maths.js">
        <metrics statements="4" coveredstatements="4" conditionals="0" coveredconditionals="0" methods="4" coveredmethods="4"/>
        <line num="1" count="1" type="stmt"/>
        <line num="3" count="1" type="stmt"/>
        <line num="5" count="1" type="stmt"/>
        <line num="7" count="1" type="stmt"/>
      </file>
      <file name="numbers.js" path="/Users/juanluisrojasleon/Desktop/test-with-jest/numbers.js">
        <metrics statements="1" coveredstatements="1" conditionals="0" coveredconditionals="0" methods="1" coveredmethods="1"/>
        <line num="1" count="5" type="stmt"/>
      </file>
      <file name="true.js" path="/Users/juanluisrojasleon/Desktop/test-with-jest/true.js">
        <metrics statements="4" coveredstatements="4" conditionals="0" coveredconditionals="0" methods="4" coveredmethods="4"/>
        <line num="1" count="1" type="stmt"/>
        <line num="3" count="1" type="stmt"/>
        <line num="5" count="1" type="stmt"/>
        <line num="7" count="1" type="stmt"/>
      </file>
    </metrics>
  </project>
</coverage>
