{"/Users/juanluisrojasleon/Desktop/test-with-jest/arrays.js": {"path":"/Users/juanluisrojasleon/Desktop/test-with-jest/arrays.js","statementMap":{"0":{"start":{"line":1,"column":22},"end":{"line":1,"column":72}},"1":{"start":{"line":3,"column":22},"end":{"line":3,"column":64}}},"fnMap":{},"branchMap":{},"s":{"0":1,"1":1},"f":{},"b":{},"_coverageSchema":"332fd63041d2c1bcb487cc26dd0d5f7d97098a6c","hash":"fa581b8fbf780953f9328ff4dfa277c6d23d1804"}
,"/Users/juanluisrojasleon/Desktop/test-with-jest/maths.js": {"path":"/Users/juanluisrojasleon/Desktop/test-with-jest/maths.js","statementMap":{"0":{"start":{"line":1,"column":19},"end":{"line":1,"column":34}},"1":{"start":{"line":1,"column":29},"end":{"line":1,"column":34}},"2":{"start":{"line":3,"column":24},"end":{"line":3,"column":39}},"3":{"start":{"line":3,"column":34},"end":{"line":3,"column":39}},"4":{"start":{"line":5,"column":24},"end":{"line":5,"column":39}},"5":{"start":{"line":5,"column":34},"end":{"line":5,"column":39}},"6":{"start":{"line":7,"column":22},"end":{"line":7,"column":37}},"7":{"start":{"line":7,"column":32},"end":{"line":7,"column":37}}},"fnMap":{"0":{"name":"(anonymous_0)","decl":{"start":{"line":1,"column":19},"end":{"line":1,"column":20}},"loc":{"start":{"line":1,"column":29},"end":{"line":1,"column":34}},"line":1},"1":{"name":"(anonymous_1)","decl":{"start":{"line":3,"column":24},"end":{"line":3,"column":25}},"loc":{"start":{"line":3,"column":34},"end":{"line":3,"column":39}},"line":3},"2":{"name":"(anonymous_2)","decl":{"start":{"line":5,"column":24},"end":{"line":5,"column":25}},"loc":{"start":{"line":5,"column":34},"end":{"line":5,"column":39}},"line":5},"3":{"name":"(anonymous_3)","decl":{"start":{"line":7,"column":22},"end":{"line":7,"column":23}},"loc":{"start":{"line":7,"column":32},"end":{"line":7,"column":37}},"line":7}},"branchMap":{},"s":{"0":1,"1":1,"2":1,"3":1,"4":1,"5":1,"6":1,"7":1},"f":{"0":1,"1":1,"2":1,"3":1},"b":{},"_coverageSchema":"332fd63041d2c1bcb487cc26dd0d5f7d97098a6c","hash":"c54ad880804d99c17ec3fb991372e7cc28301e8c"}
,"/Users/juanluisrojasleon/Desktop/test-with-jest/numbers.js": {"path":"/Users/juanluisrojasleon/Desktop/test-with-jest/numbers.js","statementMap":{"0":{"start":{"line":1,"column":23},"end":{"line":1,"column":38}},"1":{"start":{"line":1,"column":33},"end":{"line":1,"column":38}}},"fnMap":{"0":{"name":"(anonymous_0)","decl":{"start":{"line":1,"column":23},"end":{"line":1,"column":24}},"loc":{"start":{"line":1,"column":33},"end":{"line":1,"column":38}},"line":1}},"branchMap":{},"s":{"0":1,"1":5},"f":{"0":5},"b":{},"_coverageSchema":"332fd63041d2c1bcb487cc26dd0d5f7d97098a6c","hash":"635e031327c5ce3a4b6e57f8a934f5018d6ceccc"}
,"/Users/juanluisrojasleon/Desktop/test-with-jest/true.js": {"path":"/Users/juanluisrojasleon/Desktop/test-with-jest/true.js","statementMap":{"0":{"start":{"line":1,"column":22},"end":{"line":1,"column":32}},"1":{"start":{"line":1,"column":28},"end":{"line":1,"column":32}},"2":{"start":{"line":3,"column":22},"end":{"line":3,"column":32}},"3":{"start":{"line":3,"column":28},"end":{"line":3,"column":32}},"4":{"start":{"line":5,"column":23},"end":{"line":5,"column":34}},"5":{"start":{"line":5,"column":29},"end":{"line":5,"column":34}},"6":{"start":{"line":7,"column":27},"end":{"line":7,"column":42}},"7":{"start":{"line":7,"column":33},"end":{"line":7,"column":42}}},"fnMap":{"0":{"name":"(anonymous_0)","decl":{"start":{"line":1,"column":22},"end":{"line":1,"column":23}},"loc":{"start":{"line":1,"column":28},"end":{"line":1,"column":32}},"line":1},"1":{"name":"(anonymous_1)","decl":{"start":{"line":3,"column":22},"end":{"line":3,"column":23}},"loc":{"start":{"line":3,"column":28},"end":{"line":3,"column":32}},"line":3},"2":{"name":"(anonymous_2)","decl":{"start":{"line":5,"column":23},"end":{"line":5,"column":24}},"loc":{"start":{"line":5,"column":29},"end":{"line":5,"column":34}},"line":5},"3":{"name":"(anonymous_3)","decl":{"start":{"line":7,"column":27},"end":{"line":7,"column":28}},"loc":{"start":{"line":7,"column":33},"end":{"line":7,"column":42}},"line":7}},"branchMap":{},"s":{"0":1,"1":1,"2":1,"3":1,"4":1,"5":1,"6":1,"7":1},"f":{"0":1,"1":1,"2":1,"3":1},"b":{},"_coverageSchema":"332fd63041d2c1bcb487cc26dd0d5f7d97098a6c","hash":"f159e068dbe48fe9af3c55868a56da85898ac5eb"}
}
